real_time_translation_application/android/app/build/intermediates/manifest_merge_blame_file/release/processReleaseMainManifest/manifest-merger-blame-release-report.txt
1<?xml version="1.0" encoding="utf-8"?>
2<manifest xmlns:android="http://schemas.android.com/apk/res/android"
3    package="com.example.real_time_translation_application"
4    android:versionCode="1"
5    android:versionName="1.0.0" >
6
7    <uses-sdk
8        android:minSdkVersion="23"
9        android:targetSdkVersion="35" />
10    <!--
11         Required to query activities that can process text, see:
12         https://developer.android.com/training/package-visibility and
13         https://developer.android.com/reference/android/content/Intent#ACTION_PROCESS_TEXT.
14
15         In particular, this is used by the Flutter engine in io.flutter.plugin.text.ProcessTextPlugin.
16    -->
17    <queries>
17-->src\main\AndroidManifest.xml:39:5-44:15
18        <intent>
18-->src\main\AndroidManifest.xml:40:9-43:18
19            <action android:name="android.intent.action.PROCESS_TEXT" />
19-->src\main\AndroidManifest.xml:41:13-72
19-->src\main\AndroidManifest.xml:41:21-70
20
21            <data android:mimeType="text/plain" />
21-->src\main\AndroidManifest.xml:42:13-50
21-->src\main\AndroidManifest.xml:42:19-48
22        </intent>
23        <intent>
23-->[:file_picker] AndroidManifest.xml:8:9-12:18
24            <action android:name="android.intent.action.GET_CONTENT" />
24-->[:file_picker] AndroidManifest.xml:9:13-72
24-->[:file_picker] AndroidManifest.xml:9:21-69
25
26            <data android:mimeType="*/*" />
26-->src\main\AndroidManifest.xml:42:13-50
26-->src\main\AndroidManifest.xml:42:19-48
27        </intent>
28    </queries>
29
30    <uses-permission android:name="android.permission.RECORD_AUDIO" />
30-->[:sound_stream] AndroidManifest.xml:7:5-71
30-->[:sound_stream] AndroidManifest.xml:7:22-68
31    <uses-permission android:name="android.permission.MODIFY_AUDIO_SETTINGS" />
31-->[:sound_stream] AndroidManifest.xml:8:5-80
31-->[:sound_stream] AndroidManifest.xml:8:22-77
32    <uses-permission android:name="android.permission.INTERNET" />
32-->[:firebase_messaging] AndroidManifest.xml:7:5-67
32-->[:firebase_messaging] AndroidManifest.xml:7:22-64
33    <uses-permission android:name="android.permission.WAKE_LOCK" />
33-->[:firebase_messaging] AndroidManifest.xml:8:5-68
33-->[:firebase_messaging] AndroidManifest.xml:8:22-65
34    <uses-permission android:name="android.permission.ACCESS_NETWORK_STATE" /> <!-- Permissions options for the `notification` group -->
34-->[:firebase_messaging] AndroidManifest.xml:9:5-79
34-->[:firebase_messaging] AndroidManifest.xml:9:22-76
35    <uses-permission android:name="android.permission.POST_NOTIFICATIONS" /> <!-- Required by older versions of Google Play services to create IID tokens -->
35-->[:firebase_messaging] AndroidManifest.xml:11:5-77
35-->[:firebase_messaging] AndroidManifest.xml:11:22-74
36    <uses-permission android:name="com.google.android.c2dm.permission.RECEIVE" />
36-->[com.google.firebase:firebase-messaging:24.1.1] AndroidManifest.xml:26:5-82
36-->[com.google.firebase:firebase-messaging:24.1.1] AndroidManifest.xml:26:22-79
37    <uses-permission android:name="com.google.android.gms.permission.AD_ID" />
37-->[com.google.android.gms:play-services-measurement-api:22.4.0] AndroidManifest.xml:25:5-79
37-->[com.google.android.gms:play-services-measurement-api:22.4.0] AndroidManifest.xml:25:22-76
38    <uses-permission android:name="android.permission.ACCESS_ADSERVICES_ATTRIBUTION" />
38-->[com.google.android.gms:play-services-measurement-api:22.4.0] AndroidManifest.xml:26:5-88
38-->[com.google.android.gms:play-services-measurement-api:22.4.0] AndroidManifest.xml:26:22-85
39    <uses-permission android:name="android.permission.ACCESS_ADSERVICES_AD_ID" />
39-->[com.google.android.gms:play-services-measurement-api:22.4.0] AndroidManifest.xml:27:5-82
39-->[com.google.android.gms:play-services-measurement-api:22.4.0] AndroidManifest.xml:27:22-79
40    <uses-permission android:name="android.permission.READ_PHONE_STATE" />
40-->[com.github.umair13adil:RxLogs:v1.0.23] AndroidManifest.xml:13:5-75
40-->[com.github.umair13adil:RxLogs:v1.0.23] AndroidManifest.xml:13:22-72
41    <uses-permission android:name="android.permission.USE_FULL_SCREEN_INTENT" />
41-->[:flutter_callkit_incoming_yoer] AndroidManifest.xml:7:5-81
41-->[:flutter_callkit_incoming_yoer] AndroidManifest.xml:7:22-78
42    <uses-permission android:name="android.permission.VIBRATE" />
42-->[:flutter_callkit_incoming_yoer] AndroidManifest.xml:9:5-66
42-->[:flutter_callkit_incoming_yoer] AndroidManifest.xml:9:22-63
43    <uses-permission android:name="android.permission.ACCESS_NOTIFICATION_POLICY" />
43-->[:flutter_callkit_incoming_yoer] AndroidManifest.xml:11:5-85
43-->[:flutter_callkit_incoming_yoer] AndroidManifest.xml:11:22-82
44    <uses-permission android:name="android.permission.MANAGE_OWN_CALLS" />
44-->[:flutter_callkit_incoming_yoer] AndroidManifest.xml:13:5-75
44-->[:flutter_callkit_incoming_yoer] AndroidManifest.xml:13:22-72
45    <uses-permission android:name="com.google.android.finsky.permission.BIND_GET_INSTALL_REFERRER_SERVICE" />
45-->[com.google.android.gms:play-services-measurement:22.4.0] AndroidManifest.xml:26:5-110
45-->[com.google.android.gms:play-services-measurement:22.4.0] AndroidManifest.xml:26:22-107
46    <uses-permission android:name="com.google.android.providers.gsf.permission.READ_GSERVICES" />
46-->[com.google.android.recaptcha:recaptcha:18.6.1] AndroidManifest.xml:9:5-98
46-->[com.google.android.recaptcha:recaptcha:18.6.1] AndroidManifest.xml:9:22-95
47    <uses-permission android:name="android.permission.RECEIVE_BOOT_COMPLETED" />
47-->[androidx.work:work-runtime:2.8.1] AndroidManifest.xml:25:5-81
47-->[androidx.work:work-runtime:2.8.1] AndroidManifest.xml:25:22-78
48    <uses-permission android:name="android.permission.FOREGROUND_SERVICE" />
48-->[androidx.work:work-runtime:2.8.1] AndroidManifest.xml:26:5-77
48-->[androidx.work:work-runtime:2.8.1] AndroidManifest.xml:26:22-74
49
50    <permission
50-->[androidx.core:core:1.13.1] AndroidManifest.xml:22:5-24:47
51        android:name="com.example.real_time_translation_application.DYNAMIC_RECEIVER_NOT_EXPORTED_PERMISSION"
51-->[androidx.core:core:1.13.1] AndroidManifest.xml:23:9-81
52        android:protectionLevel="signature" />
52-->[androidx.core:core:1.13.1] AndroidManifest.xml:24:9-44
53
54    <uses-permission android:name="com.example.real_time_translation_application.DYNAMIC_RECEIVER_NOT_EXPORTED_PERMISSION" />
54-->[androidx.core:core:1.13.1] AndroidManifest.xml:26:5-97
54-->[androidx.core:core:1.13.1] AndroidManifest.xml:26:22-94
55    <uses-permission
55-->[com.github.davidliu:audioswitch:89582c47c9a04c62f90aa5e57251af4800a62c9a] AndroidManifest.xml:9:5-11:38
56        android:name="android.permission.BLUETOOTH"
56-->[com.github.davidliu:audioswitch:89582c47c9a04c62f90aa5e57251af4800a62c9a] AndroidManifest.xml:10:9-52
57        android:maxSdkVersion="30" />
57-->[com.github.davidliu:audioswitch:89582c47c9a04c62f90aa5e57251af4800a62c9a] AndroidManifest.xml:11:9-35
58    <uses-permission android:name="android.permission.ACCESS_WIFI_STATE" />
58-->[im.zego:zpns:2.8.0] AndroidManifest.xml:11:5-76
58-->[im.zego:zpns:2.8.0] AndroidManifest.xml:11:22-73
59
60    <application
61        android:name="android.app.Application"
61-->src\main\AndroidManifest.xml:4:9-42
62        android:appComponentFactory="androidx.core.app.CoreComponentFactory"
62-->[androidx.core:core:1.13.1] AndroidManifest.xml:28:18-86
63        android:extractNativeLibs="false"
64        android:icon="@mipmap/ic_launcher"
64-->src\main\AndroidManifest.xml:5:9-43
65        android:label="real_time_translation_application" >
65-->src\main\AndroidManifest.xml:3:9-58
66        <activity
66-->src\main\AndroidManifest.xml:6:9-27:20
67            android:name="com.example.real_time_translation_application.MainActivity"
67-->src\main\AndroidManifest.xml:7:13-41
68            android:configChanges="orientation|keyboardHidden|keyboard|screenSize|smallestScreenSize|locale|layoutDirection|fontScale|screenLayout|density|uiMode"
68-->src\main\AndroidManifest.xml:12:13-163
69            android:exported="true"
69-->src\main\AndroidManifest.xml:8:13-36
70            android:hardwareAccelerated="true"
70-->src\main\AndroidManifest.xml:13:13-47
71            android:launchMode="singleTop"
71-->src\main\AndroidManifest.xml:9:13-43
72            android:taskAffinity=""
72-->src\main\AndroidManifest.xml:10:13-36
73            android:theme="@style/LaunchTheme"
73-->src\main\AndroidManifest.xml:11:13-47
74            android:windowSoftInputMode="adjustResize" >
74-->src\main\AndroidManifest.xml:14:13-55
75
76            <!--
77                 Specifies an Android theme to apply to this Activity as soon as
78                 the Android process has started. This theme is visible to the user
79                 while the Flutter UI initializes. After that, this theme continues
80                 to determine the Window background behind the Flutter UI.
81            -->
82            <meta-data
82-->src\main\AndroidManifest.xml:19:13-22:17
83                android:name="io.flutter.embedding.android.NormalTheme"
83-->src\main\AndroidManifest.xml:20:15-70
84                android:resource="@style/NormalTheme" />
84-->src\main\AndroidManifest.xml:21:15-52
85
86            <intent-filter>
86-->src\main\AndroidManifest.xml:23:13-26:29
87                <action android:name="android.intent.action.MAIN" />
87-->src\main\AndroidManifest.xml:24:17-68
87-->src\main\AndroidManifest.xml:24:25-66
88
89                <category android:name="android.intent.category.LAUNCHER" />
89-->src\main\AndroidManifest.xml:25:17-76
89-->src\main\AndroidManifest.xml:25:27-74
90            </intent-filter>
91        </activity>
92        <!--
93             Don't delete the meta-data below.
94             This is used by the Flutter tool to generate GeneratedPluginRegistrant.java
95        -->
96        <meta-data
96-->src\main\AndroidManifest.xml:30:9-32:33
97            android:name="flutterEmbedding"
97-->src\main\AndroidManifest.xml:31:13-44
98            android:value="2" />
98-->src\main\AndroidManifest.xml:32:13-30
99
100        <receiver
100-->[:zego_uikit_prebuilt_call] AndroidManifest.xml:8:9-10:40
101            android:name="com.zegocloud.uikit.call_plugin.notification.AcceptReceiver"
101-->[:zego_uikit_prebuilt_call] AndroidManifest.xml:9:13-87
102            android:exported="false" />
102-->[:zego_uikit_prebuilt_call] AndroidManifest.xml:10:13-37
103        <receiver
103-->[:zego_uikit_prebuilt_call] AndroidManifest.xml:11:9-13:40
104            android:name="com.zegocloud.uikit.call_plugin.notification.RejectReceiver"
104-->[:zego_uikit_prebuilt_call] AndroidManifest.xml:12:13-87
105            android:exported="false" />
105-->[:zego_uikit_prebuilt_call] AndroidManifest.xml:13:13-37
106        <receiver
106-->[:zego_uikit_prebuilt_call] AndroidManifest.xml:14:9-16:40
107            android:name="com.zegocloud.uikit.call_plugin.notification.CancelReceiver"
107-->[:zego_uikit_prebuilt_call] AndroidManifest.xml:15:13-87
108            android:exported="false" />
108-->[:zego_uikit_prebuilt_call] AndroidManifest.xml:16:13-37
109        <receiver
109-->[:zego_uikit_prebuilt_call] AndroidManifest.xml:17:9-19:40
110            android:name="com.zegocloud.uikit.call_plugin.notification.ClickReceiver"
110-->[:zego_uikit_prebuilt_call] AndroidManifest.xml:18:13-86
111            android:exported="false" />
111-->[:zego_uikit_prebuilt_call] AndroidManifest.xml:19:13-37
112
113        <service
113-->[:cloud_firestore] AndroidManifest.xml:8:9-12:19
114            android:name="com.google.firebase.components.ComponentDiscoveryService"
114-->[:cloud_firestore] AndroidManifest.xml:8:18-89
115            android:directBootAware="true"
115-->[com.google.firebase:firebase-common:21.0.0] AndroidManifest.xml:32:13-43
116            android:exported="false" >
116-->[com.google.firebase:firebase-firestore:25.1.3] AndroidManifest.xml:16:13-37
117            <meta-data
117-->[:cloud_firestore] AndroidManifest.xml:9:13-11:85
118                android:name="com.google.firebase.components:io.flutter.plugins.firebase.firestore.FlutterFirebaseFirestoreRegistrar"
118-->[:cloud_firestore] AndroidManifest.xml:10:17-134
119                android:value="com.google.firebase.components.ComponentRegistrar" />
119-->[:cloud_firestore] AndroidManifest.xml:11:17-82
120            <meta-data
120-->[:firebase_auth] AndroidManifest.xml:9:13-11:85
121                android:name="com.google.firebase.components:io.flutter.plugins.firebase.auth.FlutterFirebaseAuthRegistrar"
121-->[:firebase_auth] AndroidManifest.xml:10:17-124
122                android:value="com.google.firebase.components.ComponentRegistrar" />
122-->[:firebase_auth] AndroidManifest.xml:11:17-82
123            <meta-data
123-->[:firebase_messaging] AndroidManifest.xml:36:13-38:85
124                android:name="com.google.firebase.components:io.flutter.plugins.firebase.messaging.FlutterFirebaseAppRegistrar"
124-->[:firebase_messaging] AndroidManifest.xml:37:17-128
125                android:value="com.google.firebase.components.ComponentRegistrar" />
125-->[:firebase_messaging] AndroidManifest.xml:38:17-82
126            <meta-data
126-->[:firebase_storage] AndroidManifest.xml:9:13-11:85
127                android:name="com.google.firebase.components:io.flutter.plugins.firebase.storage.FlutterFirebaseAppRegistrar"
127-->[:firebase_storage] AndroidManifest.xml:10:17-126
128                android:value="com.google.firebase.components.ComponentRegistrar" />
128-->[:firebase_storage] AndroidManifest.xml:11:17-82
129            <meta-data
129-->[:firebase_core] AndroidManifest.xml:9:13-11:85
130                android:name="com.google.firebase.components:io.flutter.plugins.firebase.core.FlutterFirebaseCoreRegistrar"
130-->[:firebase_core] AndroidManifest.xml:10:17-124
131                android:value="com.google.firebase.components.ComponentRegistrar" />
131-->[:firebase_core] AndroidManifest.xml:11:17-82
132            <meta-data
132-->[com.google.firebase:firebase-firestore:25.1.3] AndroidManifest.xml:17:13-19:85
133                android:name="com.google.firebase.components:com.google.firebase.firestore.FirebaseFirestoreKtxRegistrar"
133-->[com.google.firebase:firebase-firestore:25.1.3] AndroidManifest.xml:18:17-122
134                android:value="com.google.firebase.components.ComponentRegistrar" />
134-->[com.google.firebase:firebase-firestore:25.1.3] AndroidManifest.xml:19:17-82
135            <meta-data
135-->[com.google.firebase:firebase-firestore:25.1.3] AndroidManifest.xml:20:13-22:85
136                android:name="com.google.firebase.components:com.google.firebase.firestore.FirestoreRegistrar"
136-->[com.google.firebase:firebase-firestore:25.1.3] AndroidManifest.xml:21:17-111
137                android:value="com.google.firebase.components.ComponentRegistrar" />
137-->[com.google.firebase:firebase-firestore:25.1.3] AndroidManifest.xml:22:17-82
138            <meta-data
138-->[com.google.firebase:firebase-auth:23.2.0] AndroidManifest.xml:69:13-71:85
139                android:name="com.google.firebase.components:com.google.firebase.auth.FirebaseAuthRegistrar"
139-->[com.google.firebase:firebase-auth:23.2.0] AndroidManifest.xml:70:17-109
140                android:value="com.google.firebase.components.ComponentRegistrar" />
140-->[com.google.firebase:firebase-auth:23.2.0] AndroidManifest.xml:71:17-82
141            <meta-data
141-->[com.google.firebase:firebase-messaging:24.1.1] AndroidManifest.xml:57:13-59:85
142                android:name="com.google.firebase.components:com.google.firebase.messaging.FirebaseMessagingKtxRegistrar"
142-->[com.google.firebase:firebase-messaging:24.1.1] AndroidManifest.xml:58:17-122
143                android:value="com.google.firebase.components.ComponentRegistrar" />
143-->[com.google.firebase:firebase-messaging:24.1.1] AndroidManifest.xml:59:17-82
144            <meta-data
144-->[com.google.firebase:firebase-messaging:24.1.1] AndroidManifest.xml:60:13-62:85
145                android:name="com.google.firebase.components:com.google.firebase.messaging.FirebaseMessagingRegistrar"
145-->[com.google.firebase:firebase-messaging:24.1.1] AndroidManifest.xml:61:17-119
146                android:value="com.google.firebase.components.ComponentRegistrar" />
146-->[com.google.firebase:firebase-messaging:24.1.1] AndroidManifest.xml:62:17-82
147            <meta-data
147-->[com.google.firebase:firebase-storage:21.0.1] AndroidManifest.xml:30:13-32:85
148                android:name="com.google.firebase.components:com.google.firebase.storage.FirebaseStorageKtxRegistrar"
148-->[com.google.firebase:firebase-storage:21.0.1] AndroidManifest.xml:31:17-118
149                android:value="com.google.firebase.components.ComponentRegistrar" />
149-->[com.google.firebase:firebase-storage:21.0.1] AndroidManifest.xml:32:17-82
150            <meta-data
150-->[com.google.firebase:firebase-storage:21.0.1] AndroidManifest.xml:33:13-35:85
151                android:name="com.google.firebase.components:com.google.firebase.storage.StorageRegistrar"
151-->[com.google.firebase:firebase-storage:21.0.1] AndroidManifest.xml:34:17-107
152                android:value="com.google.firebase.components.ComponentRegistrar" />
152-->[com.google.firebase:firebase-storage:21.0.1] AndroidManifest.xml:35:17-82
153            <meta-data
153-->[com.google.android.gms:play-services-measurement-api:22.4.0] AndroidManifest.xml:33:13-35:85
154                android:name="com.google.firebase.components:com.google.firebase.analytics.connector.internal.AnalyticsConnectorRegistrar"
154-->[com.google.android.gms:play-services-measurement-api:22.4.0] AndroidManifest.xml:34:17-139
155                android:value="com.google.firebase.components.ComponentRegistrar" />
155-->[com.google.android.gms:play-services-measurement-api:22.4.0] AndroidManifest.xml:35:17-82
156            <meta-data
156-->[com.google.firebase:firebase-installations:18.0.0] AndroidManifest.xml:15:13-17:85
157                android:name="com.google.firebase.components:com.google.firebase.installations.FirebaseInstallationsKtxRegistrar"
157-->[com.google.firebase:firebase-installations:18.0.0] AndroidManifest.xml:16:17-130
158                android:value="com.google.firebase.components.ComponentRegistrar" />
158-->[com.google.firebase:firebase-installations:18.0.0] AndroidManifest.xml:17:17-82
159            <meta-data
159-->[com.google.firebase:firebase-installations:18.0.0] AndroidManifest.xml:18:13-20:85
160                android:name="com.google.firebase.components:com.google.firebase.installations.FirebaseInstallationsRegistrar"
160-->[com.google.firebase:firebase-installations:18.0.0] AndroidManifest.xml:19:17-127
161                android:value="com.google.firebase.components.ComponentRegistrar" />
161-->[com.google.firebase:firebase-installations:18.0.0] AndroidManifest.xml:20:17-82
162            <meta-data
162-->[com.google.firebase:firebase-appcheck:18.0.0] AndroidManifest.xml:25:13-27:85
163                android:name="com.google.firebase.components:com.google.firebase.appcheck.FirebaseAppCheckKtxRegistrar"
163-->[com.google.firebase:firebase-appcheck:18.0.0] AndroidManifest.xml:26:17-120
164                android:value="com.google.firebase.components.ComponentRegistrar" />
164-->[com.google.firebase:firebase-appcheck:18.0.0] AndroidManifest.xml:27:17-82
165            <meta-data
165-->[com.google.firebase:firebase-appcheck:18.0.0] AndroidManifest.xml:28:13-30:85
166                android:name="com.google.firebase.components:com.google.firebase.appcheck.FirebaseAppCheckRegistrar"
166-->[com.google.firebase:firebase-appcheck:18.0.0] AndroidManifest.xml:29:17-117
167                android:value="com.google.firebase.components.ComponentRegistrar" />
167-->[com.google.firebase:firebase-appcheck:18.0.0] AndroidManifest.xml:30:17-82
168            <meta-data
168-->[com.google.firebase:firebase-common-ktx:21.0.0] AndroidManifest.xml:12:13-14:85
169                android:name="com.google.firebase.components:com.google.firebase.ktx.FirebaseCommonLegacyRegistrar"
169-->[com.google.firebase:firebase-common-ktx:21.0.0] AndroidManifest.xml:13:17-116
170                android:value="com.google.firebase.components.ComponentRegistrar" />
170-->[com.google.firebase:firebase-common-ktx:21.0.0] AndroidManifest.xml:14:17-82
171            <meta-data
171-->[com.google.firebase:firebase-common:21.0.0] AndroidManifest.xml:35:13-37:85
172                android:name="com.google.firebase.components:com.google.firebase.FirebaseCommonKtxRegistrar"
172-->[com.google.firebase:firebase-common:21.0.0] AndroidManifest.xml:36:17-109
173                android:value="com.google.firebase.components.ComponentRegistrar" />
173-->[com.google.firebase:firebase-common:21.0.0] AndroidManifest.xml:37:17-82
174            <meta-data
174-->[com.google.firebase:firebase-datatransport:18.2.0] AndroidManifest.xml:25:13-27:85
175                android:name="com.google.firebase.components:com.google.firebase.datatransport.TransportRegistrar"
175-->[com.google.firebase:firebase-datatransport:18.2.0] AndroidManifest.xml:26:17-115
176                android:value="com.google.firebase.components.ComponentRegistrar" />
176-->[com.google.firebase:firebase-datatransport:18.2.0] AndroidManifest.xml:27:17-82
177        </service>
178        <service
178-->[:firebase_messaging] AndroidManifest.xml:14:9-17:72
179            android:name="io.flutter.plugins.firebase.messaging.FlutterFirebaseMessagingBackgroundService"
179-->[:firebase_messaging] AndroidManifest.xml:15:13-107
180            android:exported="false"
180-->[:firebase_messaging] AndroidManifest.xml:16:13-37
181            android:permission="android.permission.BIND_JOB_SERVICE" />
181-->[:firebase_messaging] AndroidManifest.xml:17:13-69
182        <service
182-->[:firebase_messaging] AndroidManifest.xml:18:9-24:19
183            android:name="io.flutter.plugins.firebase.messaging.FlutterFirebaseMessagingService"
183-->[:firebase_messaging] AndroidManifest.xml:19:13-97
184            android:exported="false" >
184-->[:firebase_messaging] AndroidManifest.xml:20:13-37
185            <intent-filter>
185-->[:firebase_messaging] AndroidManifest.xml:21:13-23:29
186                <action android:name="com.google.firebase.MESSAGING_EVENT" />
186-->[:firebase_messaging] AndroidManifest.xml:22:17-78
186-->[:firebase_messaging] AndroidManifest.xml:22:25-75
187            </intent-filter>
188        </service>
189
190        <receiver
190-->[:firebase_messaging] AndroidManifest.xml:26:9-33:20
191            android:name="io.flutter.plugins.firebase.messaging.FlutterFirebaseMessagingReceiver"
191-->[:firebase_messaging] AndroidManifest.xml:27:13-98
192            android:exported="true"
192-->[:firebase_messaging] AndroidManifest.xml:28:13-36
193            android:permission="com.google.android.c2dm.permission.SEND" >
193-->[:firebase_messaging] AndroidManifest.xml:29:13-73
194            <intent-filter>
194-->[:firebase_messaging] AndroidManifest.xml:30:13-32:29
195                <action android:name="com.google.android.c2dm.intent.RECEIVE" />
195-->[:firebase_messaging] AndroidManifest.xml:31:17-81
195-->[:firebase_messaging] AndroidManifest.xml:31:25-78
196            </intent-filter>
197        </receiver>
198
199        <provider
199-->[:firebase_messaging] AndroidManifest.xml:41:9-45:38
200            android:name="io.flutter.plugins.firebase.messaging.FlutterFirebaseMessagingInitProvider"
200-->[:firebase_messaging] AndroidManifest.xml:42:13-102
201            android:authorities="com.example.real_time_translation_application.flutterfirebasemessaginginitprovider"
201-->[:firebase_messaging] AndroidManifest.xml:43:13-88
202            android:exported="false"
202-->[:firebase_messaging] AndroidManifest.xml:44:13-37
203            android:initOrder="99" />
203-->[:firebase_messaging] AndroidManifest.xml:45:13-35
204
205        <activity
205-->[com.google.firebase:firebase-auth:23.2.0] AndroidManifest.xml:29:9-46:20
206            android:name="com.google.firebase.auth.internal.GenericIdpActivity"
206-->[com.google.firebase:firebase-auth:23.2.0] AndroidManifest.xml:30:13-80
207            android:excludeFromRecents="true"
207-->[com.google.firebase:firebase-auth:23.2.0] AndroidManifest.xml:31:13-46
208            android:exported="true"
208-->[com.google.firebase:firebase-auth:23.2.0] AndroidManifest.xml:32:13-36
209            android:launchMode="singleTask"
209-->[com.google.firebase:firebase-auth:23.2.0] AndroidManifest.xml:33:13-44
210            android:theme="@android:style/Theme.Translucent.NoTitleBar" >
210-->[com.google.firebase:firebase-auth:23.2.0] AndroidManifest.xml:34:13-72
211            <intent-filter>
211-->[com.google.firebase:firebase-auth:23.2.0] AndroidManifest.xml:35:13-45:29
212                <action android:name="android.intent.action.VIEW" />
212-->[com.google.firebase:firebase-auth:23.2.0] AndroidManifest.xml:36:17-69
212-->[com.google.firebase:firebase-auth:23.2.0] AndroidManifest.xml:36:25-66
213
214                <category android:name="android.intent.category.DEFAULT" />
214-->[com.google.firebase:firebase-auth:23.2.0] AndroidManifest.xml:38:17-76
214-->[com.google.firebase:firebase-auth:23.2.0] AndroidManifest.xml:38:27-73
215                <category android:name="android.intent.category.BROWSABLE" />
215-->[com.google.firebase:firebase-auth:23.2.0] AndroidManifest.xml:39:17-78
215-->[com.google.firebase:firebase-auth:23.2.0] AndroidManifest.xml:39:27-75
216
217                <data
217-->src\main\AndroidManifest.xml:42:13-50
218                    android:host="firebase.auth"
219                    android:path="/"
220                    android:scheme="genericidp" />
221            </intent-filter>
222        </activity>
223        <activity
223-->[com.google.firebase:firebase-auth:23.2.0] AndroidManifest.xml:47:9-64:20
224            android:name="com.google.firebase.auth.internal.RecaptchaActivity"
224-->[com.google.firebase:firebase-auth:23.2.0] AndroidManifest.xml:48:13-79
225            android:excludeFromRecents="true"
225-->[com.google.firebase:firebase-auth:23.2.0] AndroidManifest.xml:49:13-46
226            android:exported="true"
226-->[com.google.firebase:firebase-auth:23.2.0] AndroidManifest.xml:50:13-36
227            android:launchMode="singleTask"
227-->[com.google.firebase:firebase-auth:23.2.0] AndroidManifest.xml:51:13-44
228            android:theme="@android:style/Theme.Translucent.NoTitleBar" >
228-->[com.google.firebase:firebase-auth:23.2.0] AndroidManifest.xml:52:13-72
229            <intent-filter>
229-->[com.google.firebase:firebase-auth:23.2.0] AndroidManifest.xml:53:13-63:29
230                <action android:name="android.intent.action.VIEW" />
230-->[com.google.firebase:firebase-auth:23.2.0] AndroidManifest.xml:36:17-69
230-->[com.google.firebase:firebase-auth:23.2.0] AndroidManifest.xml:36:25-66
231
232                <category android:name="android.intent.category.DEFAULT" />
232-->[com.google.firebase:firebase-auth:23.2.0] AndroidManifest.xml:38:17-76
232-->[com.google.firebase:firebase-auth:23.2.0] AndroidManifest.xml:38:27-73
233                <category android:name="android.intent.category.BROWSABLE" />
233-->[com.google.firebase:firebase-auth:23.2.0] AndroidManifest.xml:39:17-78
233-->[com.google.firebase:firebase-auth:23.2.0] AndroidManifest.xml:39:27-75
234
235                <data
235-->src\main\AndroidManifest.xml:42:13-50
236                    android:host="firebase.auth"
237                    android:path="/"
238                    android:scheme="recaptcha" />
239            </intent-filter>
240        </activity>
241
242        <service
242-->[:zego_zpns] AndroidManifest.xml:8:9-11:72
243            android:name="im.zego.zpns_flutter.internal.utils.ZPNsMessagingBackgroundService"
243-->[:zego_zpns] AndroidManifest.xml:9:13-94
244            android:exported="false"
244-->[:zego_zpns] AndroidManifest.xml:10:13-37
245            android:permission="android.permission.BIND_JOB_SERVICE" />
245-->[:zego_zpns] AndroidManifest.xml:11:13-69
246
247        <receiver
247-->[:zego_zpns] AndroidManifest.xml:13:9-20:20
248            android:name="im.zego.zpns_flutter.internal.ZPNsPluginEventHandler"
248-->[:zego_zpns] AndroidManifest.xml:14:13-80
249            android:enabled="true"
249-->[:zego_zpns] AndroidManifest.xml:15:13-35
250            android:exported="true" >
250-->[:zego_zpns] AndroidManifest.xml:16:13-36
251            <intent-filter>
251-->[:zego_zpns] AndroidManifest.xml:17:13-19:29
252                <action android:name="im.zego.zim.zpns.intent.action.MESSAGE" />
252-->[:zego_zpns] AndroidManifest.xml:18:17-81
252-->[:zego_zpns] AndroidManifest.xml:18:25-78
253            </intent-filter>
254        </receiver>
255        <receiver
255-->[:zego_zpns] AndroidManifest.xml:21:9-28:20
256            android:name="im.zego.zpns_flutter.internal.utils.ZPNsFCMReceiver"
256-->[:zego_zpns] AndroidManifest.xml:22:13-79
257            android:exported="true"
257-->[:zego_zpns] AndroidManifest.xml:23:13-36
258            android:permission="com.google.android.c2dm.permission.SEND" >
258-->[:zego_zpns] AndroidManifest.xml:24:13-73
259            <intent-filter>
259-->[:firebase_messaging] AndroidManifest.xml:30:13-32:29
260                <action android:name="com.google.android.c2dm.intent.RECEIVE" />
260-->[:firebase_messaging] AndroidManifest.xml:31:17-81
260-->[:firebase_messaging] AndroidManifest.xml:31:25-78
261            </intent-filter>
262        </receiver>
263        <receiver
263-->[com.google.firebase:firebase-messaging:24.1.1] AndroidManifest.xml:29:9-40:20
264            android:name="com.google.firebase.iid.FirebaseInstanceIdReceiver"
264-->[com.google.firebase:firebase-messaging:24.1.1] AndroidManifest.xml:30:13-78
265            android:exported="true"